# JRE version: OpenJDK Runtime Environment (8.0_152-b01) (build 1.8.0_152-release-915-b01)
# Java VM: OpenJDK 64-Bit Server VM (25.152-b01 mixed mode windows-amd64 compressed oops)
Heap:
 PSYoungGen      total 239616K, used 3551K [0x00000000eab00000, 0x00000000fab80000, 0x0000000100000000)
  eden space 221696K, 1% used [0x00000000eab00000,0x00000000eae77e38,0x00000000f8380000)
  from space 17920K, 0% used [0x00000000f9a00000,0x00000000f9a00000,0x00000000fab80000)
  to   space 20480K, 0% used [0x00000000f8380000,0x00000000f8380000,0x00000000f9780000)
 ParOldGen       total 92160K, used 25567K [0x00000000c0000000, 0x00000000c5a00000, 0x00000000eab00000)
  object space 92160K, 27% used [0x00000000c0000000,0x00000000c18f7e78,0x00000000c5a00000)
 Metaspace       used 58346K, capacity 60504K, committed 61528K, reserved 1103872K
  class space    used 7590K, capacity 8093K, committed 8320K, reserved 1048576K
GC Heap History (10 events):
Event: 30.238 GC heap before
{Heap before GC invocations=16 (full 3):
 PSYoungGen      total 165376K, used 18626K [0x00000000eab00000, 0x00000000f9280000, 0x0000000100000000)
  eden space 146432K, 0% used [0x00000000eab00000,0x00000000eab00000,0x00000000f3a00000)
  from space 18944K, 98% used [0x00000000f3a00000,0x00000000f4c30858,0x00000000f4c80000)
  to   space 22016K, 0% used [0x00000000f7d00000,0x00000000f7d00000,0x00000000f9280000)
 ParOldGen       total 61440K, used 23952K [0x00000000c0000000, 0x00000000c3c00000, 0x00000000eab00000)
  object space 61440K, 38% used [0x00000000c0000000,0x00000000c17643a0,0x00000000c3c00000)
 Metaspace       used 56883K, capacity 58904K, committed 58968K, reserved 1099776K
  class space    used 7593K, capacity 8059K, committed 8064K, reserved 1048576K
Event: 30.668 GC heap after
Heap after GC invocations=16 (full 3):
 PSYoungGen      total 165376K, used 0K [0x00000000eab00000, 0x00000000f9280000, 0x0000000100000000)
  eden space 146432K, 0% used [0x00000000eab00000,0x00000000eab00000,0x00000000f3a00000)
  from space 18944K, 0% used [0x00000000f3a00000,0x00000000f3a00000,0x00000000f4c80000)
  to   space 22016K, 0% used [0x00000000f7d00000,0x00000000f7d00000,0x00000000f9280000)
 ParOldGen       total 92160K, used 32800K [0x00000000c0000000, 0x00000000c5a00000, 0x00000000eab00000)
  object space 92160K, 35% used [0x00000000c0000000,0x00000000c2008178,0x00000000c5a00000)
 Metaspace       used 56883K, capacity 58904K, committed 58968K, reserved 1099776K
  class space    used 7593K, capacity 8059K, committed 8064K, reserved 1048576K
}
Event: 196.177 GC heap before
{Heap before GC invocations=17 (full 3):
 PSYoungGen      total 165376K, used 146432K [0x00000000eab00000, 0x00000000f9280000, 0x0000000100000000)
  eden space 146432K, 100% used [0x00000000eab00000,0x00000000f3a00000,0x00000000f3a00000)
  from space 18944K, 0% used [0x00000000f3a00000,0x00000000f3a00000,0x00000000f4c80000)
  to   space 22016K, 0% used [0x00000000f7d00000,0x00000000f7d00000,0x00000000f9280000)
 ParOldGen       total 92160K, used 32800K [0x00000000c0000000, 0x00000000c5a00000, 0x00000000eab00000)
  object space 92160K, 35% used [0x00000000c0000000,0x00000000c2008178,0x00000000c5a00000)
 Metaspace       used 57837K, capacity 60204K, committed 60376K, reserved 1101824K
  class space    used 7645K, capacity 8157K, committed 8192K, reserved 1048576K
Event: 196.250 GC heap after
Heap after GC invocations=17 (full 3):
 PSYoungGen      total 195584K, used 3040K [0x00000000eab00000, 0x00000000f8880000, 0x0000000100000000)
  eden space 183808K, 0% used [0x00000000eab00000,0x00000000eab00000,0x00000000f5e80000)
  from space 11776K, 25% used [0x00000000f7d00000,0x00000000f7ff8000,0x00000000f8880000)
  to   space 21504K, 0% used [0x00000000f5e80000,0x00000000f5e80000,0x00000000f7380000)
 ParOldGen       total 92160K, used 32808K [0x00000000c0000000, 0x00000000c5a00000, 0x00000000eab00000)
  object space 92160K, 35% used [0x00000000c0000000,0x00000000c200a178,0x00000000c5a00000)
 Metaspace       used 57837K, capacity 60204K, committed 60376K, reserved 1101824K
  class space    used 7645K, capacity 8157K, committed 8192K, reserved 1048576K
}
Event: 1886.291 GC heap before
{Heap before GC invocations=18 (full 3):
 PSYoungGen      total 195584K, used 186848K [0x00000000eab00000, 0x00000000f8880000, 0x0000000100000000)
  eden space 183808K, 100% used [0x00000000eab00000,0x00000000f5e80000,0x00000000f5e80000)
  from space 11776K, 25% used [0x00000000f7d00000,0x00000000f7ff8000,0x00000000f8880000)
  to   space 21504K, 0% used [0x00000000f5e80000,0x00000000f5e80000,0x00000000f7380000)
 ParOldGen       total 92160K, used 32808K [0x00000000c0000000, 0x00000000c5a00000, 0x00000000eab00000)
  object space 92160K, 35% used [0x00000000c0000000,0x00000000c200a178,0x00000000c5a00000)
 Metaspace       used 58710K, capacity 61286K, committed 61528K, reserved 1101824K
  class space    used 7678K, capacity 8258K, committed 8320K, reserved 1048576K
Event: 1886.554 GC heap after
Heap after GC invocations=18 (full 3):
 PSYoungGen      total 205312K, used 4432K [0x00000000eab00000, 0x00000000faf00000, 0x0000000100000000)
  eden space 183808K, 0% used [0x00000000eab00000,0x00000000eab00000,0x00000000f5e80000)
  from space 21504K, 20% used [0x00000000f5e80000,0x00000000f62d4010,0x00000000f7380000)
  to   space 21504K, 0% used [0x00000000f9a00000,0x00000000f9a00000,0x00000000faf00000)
 ParOldGen       total 92160K, used 32816K [0x00000000c0000000, 0x00000000c5a00000, 0x00000000eab00000)
  object space 92160K, 35% used [0x00000000c0000000,0x00000000c200c178,0x00000000c5a00000)
 Metaspace       used 58710K, capacity 61286K, committed 61528K, reserved 1101824K
  class space    used 7678K, capacity 8258K, committed 8320K, reserved 1048576K
}
Event: 1888.290 GC heap before
{Heap before GC invocations=19 (full 3):
 PSYoungGen      total 205312K, used 67976K [0x00000000eab00000, 0x00000000faf00000, 0x0000000100000000)
  eden space 183808K, 34% used [0x00000000eab00000,0x00000000ee90e290,0x00000000f5e80000)
  from space 21504K, 20% used [0x00000000f5e80000,0x00000000f62d4010,0x00000000f7380000)
  to   space 21504K, 0% used [0x00000000f9a00000,0x00000000f9a00000,0x00000000faf00000)
 ParOldGen       total 92160K, used 32816K [0x00000000c0000000, 0x00000000c5a00000, 0x00000000eab00000)
  object space 92160K, 35% used [0x00000000c0000000,0x00000000c200c178,0x00000000c5a00000)
 Metaspace       used 58905K, capacity 61474K, committed 61528K, reserved 1103872K
  class space    used 7683K, capacity 8266K, committed 8320K, reserved 1048576K
Event: 1888.309 GC heap after
Heap after GC invocations=19 (full 3):
 PSYoungGen      total 239616K, used 4576K [0x00000000eab00000, 0x00000000fab80000, 0x0000000100000000)
  eden space 221696K, 0% used [0x00000000eab00000,0x00000000eab00000,0x00000000f8380000)
  from space 17920K, 25% used [0x00000000f9a00000,0x00000000f9e78020,0x00000000fab80000)
  to   space 20480K, 0% used [0x00000000f8380000,0x00000000f8380000,0x00000000f9780000)
 ParOldGen       total 92160K, used 32824K [0x00000000c0000000, 0x00000000c5a00000, 0x00000000eab00000)
  object space 92160K, 35% used [0x00000000c0000000,0x00000000c200e178,0x00000000c5a00000)
 Metaspace       used 58905K, capacity 61474K, committed 61528K, reserved 1103872K
  class space    used 7683K, capacity 8266K, committed 8320K, reserved 1048576K
}
Event: 1888.309 GC heap before
{Heap before GC invocations=20 (full 4):
 PSYoungGen      total 239616K, used 4576K [0x00000000eab00000, 0x00000000fab80000, 0x0000000100000000)
  eden space 221696K, 0% used [0x00000000eab00000,0x00000000eab00000,0x00000000f8380000)
  from space 17920K, 25% used [0x00000000f9a00000,0x00000000f9e78020,0x00000000fab80000)
  to   space 20480K, 0% used [0x00000000f8380000,0x00000000f8380000,0x00000000f9780000)
 ParOldGen       total 92160K, used 32824K [0x00000000c0000000, 0x00000000c5a00000, 0x00000000eab00000)
  object space 92160K, 35% used [0x00000000c0000000,0x00000000c200e178,0x00000000c5a00000)
 Metaspace       used 58905K, capacity 61474K, committed 61528K, reserved 1103872K
  class space    used 7683K, capacity 8266K, committed 8320K, reserved 1048576K
Event: 1892.701 GC heap after
Heap after GC invocations=20 (full 4):
 PSYoungGen      total 239616K, used 0K [0x00000000eab00000, 0x00000000fab80000, 0x0000000100000000)
  eden space 221696K, 0% used [0x00000000eab00000,0x00000000eab00000,0x00000000f8380000)
  from space 17920K, 0% used [0x00000000f9a00000,0x00000000f9a00000,0x00000000fab80000)
  to   space 20480K, 0% used [0x00000000f8380000,0x00000000f8380000,0x00000000f9780000)
 ParOldGen       total 92160K, used 25567K [0x00000000c0000000, 0x00000000c5a00000, 0x00000000eab00000)
  object space 92160K, 27% used [0x00000000c0000000,0x00000000c18f7e78,0x00000000c5a00000)
 Metaspace       used 58316K, capacity 60458K, committed 61528K, reserved 1103872K
  class space    used 7586K, capacity 8086K, committed 8320K, reserved 1048576K
}

